<?xml version="1.0" encoding="UTF-8"?>
<!-- Generated by org.testng.reporters.JUnitReportReporter -->
<testsuite hostname="JulianoM" failures="0" tests="2" name="com.neotech.lesson01.MoreTestNGAnnotiations" time="0.018" errors="0" timestamp="2024-04-06T13:26:09 EDT" skipped="0">
  <testcase classname="com.neotech.lesson01.MoreTestNGAnnotiations" name="testTwo" time="0.008"/>
  <system-out/>
  <testcase classname="com.neotech.lesson01.MoreTestNGAnnotiations" name="testOne" time="0.010"/>
  <system-out/>
</testsuite> <!-- com.neotech.lesson01.MoreTestNGAnnotiations -->
